#
# There is insufficient memory for the Java Runtime Environment to continue.
# Native memory allocation (malloc) failed to allocate 2168976 bytes for Chunk::new
# Possible reasons:
#   The system is out of physical RAM or swap space
#   In 32 bit mode, the process size limit was hit
# Possible solutions:
#   Reduce memory load on the system
#   Increase physical memory or swap space
#   Check if swap backing store is full
#   Use 64 bit Java on a 64 bit OS
#   Decrease Java heap size (-Xmx/-Xms)
#   Decrease number of Java threads
#   Decrease Java thread stack sizes (-Xss)
#   Set larger code cache with -XX:ReservedCodeCacheSize=
# This output file may be truncated or incomplete.
#
#  Out of Memory Error (allocation.cpp:390), pid=7256, tid=0x0000000000002c60
#
# JRE version: Java(TM) SE Runtime Environment (8.0_181-b13) (build 1.8.0_181-b13)
# Java VM: Java HotSpot(TM) 64-Bit Server VM (25.181-b13 mixed mode windows-amd64 compressed oops)
# Failed to write core dump. Minidumps are not enabled by default on client versions of Windows
#

---------------  T H R E A D  ---------------

Current thread (0x000000001b43f000):  JavaThread "C2 CompilerThread1" daemon [_thread_in_native, id=11360, stack(0x000000001bce0000,0x000000001bde0000)]

Stack: [0x000000001bce0000,0x000000001bde0000]
[error occurred during error reporting (printing stack bounds), id 0xc0000005]

Native frames: (J=compiled Java code, j=interpreted, Vv=VM code, C=native code)


Current CompileTask:
C2:  14929 3198       4       java.net.URLClassLoader$1::run (5 bytes)


---------------  P R O C E S S  ---------------

Java Threads: ( => current thread )
  0x000000001d6b3800 JavaThread "Okio Watchdog" daemon [_thread_blocked, id=10400, stack(0x0000000022250000,0x0000000022350000)]
  0x000000001d6b8000 JavaThread "OkHttp ConnectionPool" daemon [_thread_blocked, id=5212, stack(0x0000000022150000,0x0000000022250000)]
  0x000000001d6b6000 JavaThread "ForkJoinPool.commonPool-worker-1" daemon [_thread_blocked, id=3864, stack(0x0000000021e50000,0x0000000021f50000)]
  0x000000001d6b7800 JavaThread "Exec Stream Pumper" daemon [_thread_in_native, id=7768, stack(0x0000000021950000,0x0000000021a50000)]
  0x000000001d6b1800 JavaThread "Exec Stream Pumper" daemon [_thread_in_native, id=11616, stack(0x0000000021850000,0x0000000021950000)]
  0x000000001d6b6800 JavaThread "UrlChecker-2" daemon [_thread_blocked, id=8636, stack(0x0000000021750000,0x0000000021850000)]
  0x000000001d6b5000 JavaThread "Exec Default Executor" daemon [_thread_in_native, id=7424, stack(0x0000000021650000,0x0000000021750000)]
  0x000000001f036000 JavaThread "org.eclipse.jetty.server.session.HashSessionManager@29e6eb25Timer" daemon [_thread_blocked, id=1416, stack(0x0000000020d10000,0x0000000020e10000)]
  0x000000001d47b800 JavaThread "qtp1338905451-19" [_thread_blocked, id=7880, stack(0x0000000020b10000,0x0000000020c10000)]
  0x000000001f051000 JavaThread "qtp1338905451-18" [_thread_blocked, id=4168, stack(0x0000000020a10000,0x0000000020b10000)]
  0x000000001f050000 JavaThread "qtp1338905451-17-acceptor-0@6dd8a38d-ServerConnector@631f4046{HTTP/1.1,[http/1.1]}{0.0.0.0:50001}" [_thread_in_native, id=6548, stack(0x0000000020910000,0x0000000020a10000)]
  0x000000001deaf000 JavaThread "qtp1338905451-16" [_thread_in_native, id=316, stack(0x0000000020810000,0x0000000020910000)]
  0x000000001f207000 JavaThread "qtp1338905451-15" [_thread_in_native, id=9204, stack(0x0000000020710000,0x0000000020810000)]
  0x000000001dedb000 JavaThread "qtp1338905451-14-acceptor-0@1d7218d-ServerConnector@f10cfc7{HTTP/1.1,[http/1.1]}{0.0.0.0:12954}" [_thread_in_native, id=2172, stack(0x0000000020610000,0x0000000020710000)]
  0x000000001de1f800 JavaThread "qtp1338905451-13" [_thread_in_native, id=5436, stack(0x0000000020510000,0x0000000020610000)]
  0x000000001d1dc000 JavaThread "qtp1338905451-12" [_thread_in_native, id=2384, stack(0x0000000020410000,0x0000000020510000)]
  0x000000001b47f000 JavaThread "Service Thread" daemon [_thread_blocked, id=540, stack(0x000000001bee0000,0x000000001bfe0000)]
  0x000000001b445800 JavaThread "C1 CompilerThread2" daemon [_thread_blocked, id=6952, stack(0x000000001bde0000,0x000000001bee0000)]
=>0x000000001b43f000 JavaThread "C2 CompilerThread1" daemon [_thread_in_native, id=11360, stack(0x000000001bce0000,0x000000001bde0000)]
  0x000000001b43e800 JavaThread "C2 CompilerThread0" daemon [_thread_in_native, id=6676, stack(0x000000001bbe0000,0x000000001bce0000)]
  0x000000001b4b3000 JavaThread "Attach Listener" daemon [_thread_blocked, id=11596, stack(0x000000001bae0000,0x000000001bbe0000)]
  0x000000001b35e000 JavaThread "Signal Dispatcher" daemon [_thread_blocked, id=10840, stack(0x000000001b9e0000,0x000000001bae0000)]
  0x000000001998e000 JavaThread "Finalizer" daemon [_thread_blocked, id=10936, stack(0x000000001abf0000,0x000000001acf0000)]
  0x0000000019985000 JavaThread "Reference Handler" daemon [_thread_blocked, id=12096, stack(0x000000001aaf0000,0x000000001abf0000)]
  0x0000000004c87000 JavaThread "Forwarding executeAsyncScript on session 45c0ac81d462b35085422b4000549159 to remote" [_thread_in_native, id=4164, stack(0x0000000004b30000,0x0000000004c30000)]

Other Threads:
  0x000000001995a800 VMThread [stack: 0x000000001a9f0000,0x000000001aaf0000] [id=5424]
  0x000000001b480000 WatcherThread [stack: 0x000000001bfe0000,0x000000001c0e0000] [id=11296]

VM state:not at safepoint (normal execution)

VM Mutex/Monitor currently owned by a thread: None

Heap:
 PSYoungGen      total 216576K, used 48727K [0x00000000d5580000, 0x00000000e5400000, 0x0000000100000000)
  eden space 208384K, 19% used [0x00000000d5580000,0x00000000d7d185b0,0x00000000e2100000)
  from space 8192K, 99% used [0x00000000e4900000,0x00000000e50fd9d8,0x00000000e5100000)
  to   space 3072K, 0% used [0x00000000e5100000,0x00000000e5100000,0x00000000e5400000)
 ParOldGen       total 43008K, used 19139K [0x0000000080000000, 0x0000000082a00000, 0x00000000d5580000)
  object space 43008K, 44% used [0x0000000080000000,0x00000000812b0fd8,0x0000000082a00000)
 Metaspace       used 32585K, capacity 33570K, committed 33792K, reserved 1079296K
  class space    used 3963K, capacity 4229K, committed 4352K, reserved 1048576K

Card table byte_map: [0x0000000014130000,0x0000000014540000] byte_map_base: 0x0000000013d30000

Marking Bits: (ParMarkBitMap*) 0x0000000066ad2d00
 Begin Bits: [0x0000000014bf0000, 0x0000000016bf0000)
 End Bits:   [0x0000000016bf0000, 0x0000000018bf0000)

Polling page: 0x0000000002d70000

CodeCache: size=245760Kb used=11387Kb max_used=12781Kb free=234372Kb
 bounds [0x0000000004d70000, 0x0000000005a00000, 0x0000000013d70000]
 total_blobs=3539 nmethods=2832 adapters=619
 compilation: enabled

Compilation events (10 events):
Event: 14.880 Thread 0x000000001b445800 3239       3       com.google.common.base.Ascii::isUpperCase (18 bytes)
Event: 14.880 Thread 0x000000001b445800 nmethod 3239 0x0000000004f7afd0 code [0x0000000004f7b120, 0x0000000004f7b2f0]
Event: 14.880 Thread 0x000000001b445800 3240       3       java.util.Locale::equals (75 bytes)
Event: 14.881 Thread 0x000000001b445800 nmethod 3240 0x0000000005016c90 code [0x0000000005016e40, 0x0000000005017678]
Event: 14.881 Thread 0x000000001b445800 3241   !   3       org.openqa.selenium.json.JsonOutput::getMethod (68 bytes)
Event: 14.882 Thread 0x000000001b445800 nmethod 3241 0x0000000005082210 code [0x0000000005082440, 0x0000000005083158]
Event: 14.882 Thread 0x000000001b445800 3242       3       java.util.HashMap$EntrySet::iterator (12 bytes)
Event: 14.882 Thread 0x000000001b445800 nmethod 3242 0x000000000529ac10 code [0x000000000529ad80, 0x000000000529afe8]
Event: 14.882 Thread 0x000000001b445800 3243       3       java.util.HashMap$EntryIterator::<init> (11 bytes)
Event: 14.882 Thread 0x000000001b445800 nmethod 3243 0x000000000507ad90 code [0x000000000507af00, 0x000000000507b0a8]

GC Heap History (10 events):
Event: 3.662 GC heap before
{Heap before GC invocations=6 (full 0):
 PSYoungGen      total 66048K, used 66048K [0x00000000d5580000, 0x00000000dde80000, 0x0000000100000000)
  eden space 63488K, 100% used [0x00000000d5580000,0x00000000d9380000,0x00000000d9380000)
  from space 2560K, 100% used [0x00000000d9380000,0x00000000d9600000,0x00000000d9600000)
  to   space 6656K, 0% used [0x00000000dd800000,0x00000000dd800000,0x00000000dde80000)
 ParOldGen       total 42496K, used 7952K [0x0000000080000000, 0x0000000082980000, 0x00000000d5580000)
  object space 42496K, 18% used [0x0000000080000000,0x00000000807c4008,0x0000000082980000)
 Metaspace       used 18703K, capacity 19004K, committed 19456K, reserved 1067008K
  class space    used 2103K, capacity 2212K, committed 2304K, reserved 1048576K
Event: 3.674 GC heap after
Heap after GC invocations=6 (full 0):
 PSYoungGen      total 132608K, used 6405K [0x00000000d5580000, 0x00000000de080000, 0x0000000100000000)
  eden space 125952K, 0% used [0x00000000d5580000,0x00000000d5580000,0x00000000dd080000)
  from space 6656K, 96% used [0x00000000dd800000,0x00000000dde41750,0x00000000dde80000)
  to   space 7680K, 0% used [0x00000000dd080000,0x00000000dd080000,0x00000000dd800000)
 ParOldGen       total 42496K, used 7960K [0x0000000080000000, 0x0000000082980000, 0x00000000d5580000)
  object space 42496K, 18% used [0x0000000080000000,0x00000000807c6008,0x0000000082980000)
 Metaspace       used 18703K, capacity 19004K, committed 19456K, reserved 1067008K
  class space    used 2103K, capacity 2212K, committed 2304K, reserved 1048576K
}
Event: 4.587 GC heap before
{Heap before GC invocations=7 (full 0):
 PSYoungGen      total 132608K, used 79656K [0x00000000d5580000, 0x00000000de080000, 0x0000000100000000)
  eden space 125952K, 58% used [0x00000000d5580000,0x00000000d9d08988,0x00000000dd080000)
  from space 6656K, 96% used [0x00000000dd800000,0x00000000dde41750,0x00000000dde80000)
  to   space 7680K, 0% used [0x00000000dd080000,0x00000000dd080000,0x00000000dd800000)
 ParOldGen       total 42496K, used 7960K [0x0000000080000000, 0x0000000082980000, 0x00000000d5580000)
  object space 42496K, 18% used [0x0000000080000000,0x00000000807c6008,0x0000000082980000)
 Metaspace       used 20726K, capacity 20998K, committed 21248K, reserved 1069056K
  class space    used 2319K, capacity 2444K, committed 2560K, reserved 1048576K
Event: 4.612 GC heap after
Heap after GC invocations=7 (full 0):
 PSYoungGen      total 133632K, used 6747K [0x00000000d5580000, 0x00000000e5b80000, 0x0000000100000000)
  eden space 125952K, 0% used [0x00000000d5580000,0x00000000d5580000,0x00000000dd080000)
  from space 7680K, 87% used [0x00000000dd080000,0x00000000dd716c40,0x00000000dd800000)
  to   space 8192K, 0% used [0x00000000e5380000,0x00000000e5380000,0x00000000e5b80000)
 ParOldGen       total 42496K, used 8925K [0x0000000080000000, 0x0000000082980000, 0x00000000d5580000)
  object space 42496K, 21% used [0x0000000080000000,0x00000000808b77b0,0x0000000082980000)
 Metaspace       used 20726K, capacity 20998K, committed 21248K, reserved 1069056K
  class space    used 2319K, capacity 2444K, committed 2560K, reserved 1048576K
}
Event: 4.612 GC heap before
{Heap before GC invocations=8 (full 1):
 PSYoungGen      total 133632K, used 6747K [0x00000000d5580000, 0x00000000e5b80000, 0x0000000100000000)
  eden space 125952K, 0% used [0x00000000d5580000,0x00000000d5580000,0x00000000dd080000)
  from space 7680K, 87% used [0x00000000dd080000,0x00000000dd716c40,0x00000000dd800000)
  to   space 8192K, 0% used [0x00000000e5380000,0x00000000e5380000,0x00000000e5b80000)
 ParOldGen       total 42496K, used 8925K [0x0000000080000000, 0x0000000082980000, 0x00000000d5580000)
  object space 42496K, 21% used [0x0000000080000000,0x00000000808b77b0,0x0000000082980000)
 Metaspace       used 20726K, capacity 20998K, committed 21248K, reserved 1069056K
  class space    used 2319K, capacity 2444K, committed 2560K, reserved 1048576K
Event: 4.709 GC heap after
Heap after GC invocations=8 (full 1):
 PSYoungGen      total 133632K, used 0K [0x00000000d5580000, 0x00000000e5b80000, 0x0000000100000000)
  eden space 125952K, 0% used [0x00000000d5580000,0x00000000d5580000,0x00000000dd080000)
  from space 7680K, 0% used [0x00000000dd080000,0x00000000dd080000,0x00000000dd800000)
  to   space 8192K, 0% used [0x00000000e5380000,0x00000000e5380000,0x00000000e5b80000)
 ParOldGen       total 43008K, used 13401K [0x0000000080000000, 0x0000000082a00000, 0x00000000d5580000)
  object space 43008K, 31% used [0x0000000080000000,0x0000000080d167f0,0x0000000082a00000)
 Metaspace       used 20726K, capacity 20998K, committed 21248K, reserved 1069056K
  class space    used 2319K, capacity 2444K, committed 2560K, reserved 1048576K
}
Event: 6.512 GC heap before
{Heap before GC invocations=9 (full 1):
 PSYoungGen      total 133632K, used 125952K [0x00000000d5580000, 0x00000000e5b80000, 0x0000000100000000)
  eden space 125952K, 100% used [0x00000000d5580000,0x00000000dd080000,0x00000000dd080000)
  from space 7680K, 0% used [0x00000000dd080000,0x00000000dd080000,0x00000000dd800000)
  to   space 8192K, 0% used [0x00000000e5380000,0x00000000e5380000,0x00000000e5b80000)
 ParOldGen       total 43008K, used 13401K [0x0000000080000000, 0x0000000082a00000, 0x00000000d5580000)
  object space 43008K, 31% used [0x0000000080000000,0x0000000080d167f0,0x0000000082a00000)
 Metaspace       used 24805K, capacity 25240K, committed 25600K, reserved 1071104K
  class space    used 2831K, capacity 2977K, committed 3072K, reserved 1048576K
Event: 6.523 GC heap after
Heap after GC invocations=9 (full 1):
 PSYoungGen      total 179200K, used 5609K [0x00000000d5580000, 0x00000000e5900000, 0x0000000100000000)
  eden space 173568K, 0% used [0x00000000d5580000,0x00000000d5580000,0x00000000dff00000)
  from space 5632K, 99% used [0x00000000e5380000,0x00000000e58fa750,0x00000000e5900000)
  to   space 8192K, 0% used [0x00000000e4900000,0x00000000e4900000,0x00000000e5100000)
 ParOldGen       total 43008K, used 13409K [0x0000000080000000, 0x0000000082a00000, 0x00000000d5580000)
  object space 43008K, 31% used [0x0000000080000000,0x0000000080d187f0,0x0000000082a00000)
 Metaspace       used 24805K, capacity 25240K, committed 25600K, reserved 1071104K
  class space    used 2831K, capacity 2977K, committed 3072K, reserved 1048576K
}
Event: 13.787 GC heap before
{Heap before GC invocations=10 (full 1):
 PSYoungGen      total 179200K, used 179177K [0x00000000d5580000, 0x00000000e5900000, 0x0000000100000000)
  eden space 173568K, 100% used [0x00000000d5580000,0x00000000dff00000,0x00000000dff00000)
  from space 5632K, 99% used [0x00000000e5380000,0x00000000e58fa750,0x00000000e5900000)
  to   space 8192K, 0% used [0x00000000e4900000,0x00000000e4900000,0x00000000e5100000)
 ParOldGen       total 43008K, used 13409K [0x0000000080000000, 0x0000000082a00000, 0x00000000d5580000)
  object space 43008K, 31% used [0x0000000080000000,0x0000000080d187f0,0x0000000082a00000)
 Metaspace       used 31971K, capacity 32910K, committed 33152K, reserved 1079296K
  class space    used 3891K, capacity 4136K, committed 4224K, reserved 1048576K
Event: 13.812 GC heap after
Heap after GC invocations=10 (full 1):
 PSYoungGen      total 216576K, used 8182K [0x00000000d5580000, 0x00000000e5400000, 0x0000000100000000)
  eden space 208384K, 0% used [0x00000000d5580000,0x00000000d5580000,0x00000000e2100000)
  from space 8192K, 99% used [0x00000000e4900000,0x00000000e50fd9d8,0x00000000e5100000)
  to   space 3072K, 0% used [0x00000000e5100000,0x00000000e5100000,0x00000000e5400000)
 ParOldGen       total 43008K, used 19139K [0x0000000080000000, 0x0000000082a00000, 0x00000000d5580000)
  object space 43008K, 44% used [0x0000000080000000,0x00000000812b0fd8,0x0000000082a00000)
 Metaspace       used 31971K, capacity 32910K, committed 33152K, reserved 1079296K
  class space    used 3891K, capacity 4136K, committed 4224K, reserved 1048576K
}

Deoptimization events (10 events):
Event: 11.360 Thread 0x0000000004c87000 Uncommon trap: reason=bimorphic action=maybe_recompile pc=0x00000000055dfd68 method=java.util.HashMap.putVal(ILjava/lang/Object;Ljava/lang/Object;ZZ)Ljava/lang/Object; @ 203
Event: 11.361 Thread 0x0000000004c87000 Uncommon trap: reason=bimorphic action=maybe_recompile pc=0x00000000055dfd68 method=java.util.HashMap.putVal(ILjava/lang/Object;Ljava/lang/Object;ZZ)Ljava/lang/Object; @ 203
Event: 11.474 Thread 0x0000000004c87000 Uncommon trap: reason=unstable_if action=reinterpret pc=0x0000000005376de4 method=java.util.jar.Manifest$FastInputStream.peek()B @ 23
Event: 11.500 Thread 0x0000000004c87000 Uncommon trap: reason=bimorphic action=maybe_recompile pc=0x0000000005602b20 method=java.net.URL.<init>(Ljava/net/URL;Ljava/lang/String;Ljava/net/URLStreamHandler;)V @ 504
Event: 11.500 Thread 0x0000000004c87000 Uncommon trap: reason=unstable_if action=reinterpret pc=0x0000000005909aac method=java.net.URLStreamHandler.parseURL(Ljava/net/URL;Ljava/lang/String;II)V @ 84
Event: 11.500 Thread 0x0000000004c87000 Uncommon trap: reason=unstable_if action=reinterpret pc=0x0000000004ffd42c method=java.net.URL.set(Ljava/lang/String;Ljava/lang/String;ILjava/lang/String;Ljava/lang/String;Ljava/lang/String;Ljava/lang/String;Ljava/lang/String;)V @ 23
Event: 13.204 Thread 0x0000000004c87000 Uncommon trap: reason=unstable_if action=reinterpret pc=0x00000000055f6960 method=java.lang.CharacterDataLatin1.digit(II)I @ 60
Event: 13.219 Thread 0x0000000004c87000 Uncommon trap: reason=unstable_if action=reinterpret pc=0x00000000055ae978 method=groovy.lang.MetaClassImpl.checkIfStdMethod(Lgroovy/lang/MetaMethod;)V @ 9
Event: 13.569 Thread 0x0000000004c87000 Uncommon trap: reason=unstable_if action=reinterpret pc=0x000000000559bd24 method=java.lang.CharacterDataLatin1.digit(II)I @ 60
Event: 13.989 Thread 0x0000000004c87000 Uncommon trap: reason=unstable_if action=reinterpret pc=0x00000000059e5410 method=java.util.regex.Pattern$Curly.match0(Ljava/util/regex/Matcher;IILjava/lang/CharSequence;)Z @ 5

Classes redefined (0 events):
No events

Internal exceptions (10 events):
Event: 14.633 Thread 0x0000000004c87000 Exception <a 'java/security/PrivilegedActionException'> (0x00000000d7285a68) thrown at [C:\re\workspace\8-2-build-windows-amd64-cygwin\jdk8u181\11358\hotspot\src\share\vm\prims\jvm.cpp, line 1435]
Event: 14.633 Thread 0x0000000004c87000 Exception <a 'java/security/PrivilegedActionException'> (0x00000000d7286048) thrown at [C:\re\workspace\8-2-build-windows-amd64-cygwin\jdk8u181\11358\hotspot\src\share\vm\prims\jvm.cpp, line 1435]
Event: 14.633 Thread 0x0000000004c87000 Exception <a 'java/security/PrivilegedActionException'> (0x00000000d728d280) thrown at [C:\re\workspace\8-2-build-windows-amd64-cygwin\jdk8u181\11358\hotspot\src\share\vm\prims\jvm.cpp, line 1435]
Event: 14.633 Thread 0x0000000004c87000 Exception <a 'java/security/PrivilegedActionException'> (0x00000000d728d860) thrown at [C:\re\workspace\8-2-build-windows-amd64-cygwin\jdk8u181\11358\hotspot\src\share\vm\prims\jvm.cpp, line 1435]
Event: 14.667 Thread 0x0000000004c87000 Exception <a 'java/lang/ClassNotFoundException': Script1BeanInfo> (0x00000000d742eb00) thrown at [C:\re\workspace\8-2-build-windows-amd64-cygwin\jdk8u181\11358\hotspot\src\share\vm\classfile\systemDictionary.cpp, line 210]
Event: 14.674 Thread 0x0000000004c87000 Exception <a 'java/lang/ClassNotFoundException': Script1Customizer> (0x00000000d74adb48) thrown at [C:\re\workspace\8-2-build-windows-amd64-cygwin\jdk8u181\11358\hotspot\src\share\vm\classfile\systemDictionary.cpp, line 210]
Event: 14.722 Thread 0x0000000004c87000 Exception <a 'java/lang/ClassNotFoundException': com/kms/katalon/core/webui/keyword/builtin/VerifyElementVisibleKeywordBeanInfo> (0x00000000d7780230) thrown at [C:\re\workspace\8-2-build-windows-amd64-cygwin\jdk8u181\11358\hotspot\src\share\vm\classfile\s
Event: 14.732 Thread 0x0000000004c87000 Exception <a 'java/lang/ClassNotFoundException': com/kms/katalon/core/webui/keyword/builtin/VerifyElementVisibleKeywordCustomizer> (0x00000000d786f270) thrown at [C:\re\workspace\8-2-build-windows-amd64-cygwin\jdk8u181\11358\hotspot\src\share\vm\classfile
Event: 14.757 Thread 0x0000000004c87000 Exception <a 'java/net/SocketTimeoutException': Read timed out> (0x00000000d79ecc00) thrown at [C:\re\workspace\8-2-build-windows-amd64-cygwin\jdk8u181\11358\hotspot\src\share\vm\prims\jni.cpp, line 735]
Event: 14.884 Thread 0x0000000004c87000 Exception <a 'java/net/SocketTimeoutException': Read timed out> (0x00000000d7a08558) thrown at [C:\re\workspace\8-2-build-windows-amd64-cygwin\jdk8u181\11358\hotspot\src\share\vm\prims\jni.cpp, line 735]

Events (10 events):
Event: 14.723 loading class com/kms/katalon/core/webui/keyword/builtin/VerifyElementVisibleKeywordCustomizer done
Event: 14.726 loading class com/kms/katalon/core/webui/keyword/builtin/VerifyElementVisibleKeywordCustomizer
Event: 14.726 loading class com/kms/katalon/core/webui/keyword/builtin/VerifyElementVisibleKeywordCustomizer done
Event: 14.732 loading class com/kms/katalon/core/webui/keyword/builtin/VerifyElementVisibleKeywordCustomizer
Event: 14.732 loading class com/kms/katalon/core/webui/keyword/builtin/VerifyElementVisibleKeywordCustomizer done
Event: 14.742 loading class groovy/runtime/metaclass/com/kms/katalon/core/webui/keyword/builtin/VerifyElementVisibleKeyword$_verifyElementVisible_closure1MetaClass
Event: 14.742 loading class groovy/runtime/metaclass/com/kms/katalon/core/webui/keyword/builtin/VerifyElementVisibleKeyword$_verifyElementVisible_closure1MetaClass done
Event: 14.815 Executing VM operation: RevokeBias
Event: 14.815 Executing VM operation: RevokeBias done
Event: 14.815 Thread 0x000000001d6b4800 Thread exited: 0x000000001d6b4800


Dynamic libraries:
0x00007ff6c7a60000 - 0x00007ff6c7a97000 	C:\Users\joker\Downloads\Katalon_Studio_Windows_64-7.9.1\Katalon_Studio_Windows_64-7.9.1\jre\bin\javaw.exe
0x00007ffb51210000 - 0x00007ffb513f0000 	C:\WINDOWS\SYSTEM32\ntdll.dll
0x00007ffb50a50000 - 0x00007ffb50afe000 	C:\WINDOWS\System32\KERNEL32.DLL
0x00007ffb4d900000 - 0x00007ffb4db66000 	C:\WINDOWS\System32\KERNELBASE.dll
0x00007ffb50ca0000 - 0x00007ffb50d41000 	C:\WINDOWS\System32\ADVAPI32.dll
0x00007ffb4f320000 - 0x00007ffb4f3bd000 	C:\WINDOWS\System32\msvcrt.dll
0x00007ffb50c40000 - 0x00007ffb50c9b000 	C:\WINDOWS\System32\sechost.dll
0x00007ffb4ea10000 - 0x00007ffb4eb2f000 	C:\WINDOWS\System32\RPCRT4.dll
0x00007ffb50f40000 - 0x00007ffb510cf000 	C:\WINDOWS\System32\USER32.dll
0x00007ffb4e6c0000 - 0x00007ffb4e6e0000 	C:\WINDOWS\System32\win32u.dll
0x00007ffb50d50000 - 0x00007ffb50d78000 	C:\WINDOWS\System32\GDI32.dll
0x00007ffb4d610000 - 0x00007ffb4d7a3000 	C:\WINDOWS\System32\gdi32full.dll
0x00007ffb4d7b0000 - 0x00007ffb4d84b000 	C:\WINDOWS\System32\msvcp_win.dll
0x00007ffb4e390000 - 0x00007ffb4e484000 	C:\WINDOWS\System32\ucrtbase.dll
0x00007ffb31040000 - 0x00007ffb312a9000 	C:\WINDOWS\WinSxS\amd64_microsoft.windows.common-controls_6595b64144ccf1df_6.0.16299.1087_none_0f9074b65a6589b7\COMCTL32.dll
0x00007ffb4e700000 - 0x00007ffb4ea06000 	C:\WINDOWS\System32\combase.dll
0x00007ffb4dbc0000 - 0x00007ffb4dc32000 	C:\WINDOWS\System32\bcryptPrimitives.dll
0x00007ffb4f0d0000 - 0x00007ffb4f0fd000 	C:\WINDOWS\System32\IMM32.DLL
0x00000000670c0000 - 0x0000000067192000 	C:\Users\joker\Downloads\Katalon_Studio_Windows_64-7.9.1\Katalon_Studio_Windows_64-7.9.1\jre\bin\msvcr100.dll
0x00000000662b0000 - 0x0000000066b52000 	C:\Users\joker\Downloads\Katalon_Studio_Windows_64-7.9.1\Katalon_Studio_Windows_64-7.9.1\jre\bin\server\jvm.dll
0x00007ffb50a40000 - 0x00007ffb50a48000 	C:\WINDOWS\System32\PSAPI.DLL
0x00007ffb3e7c0000 - 0x00007ffb3e7c9000 	C:\WINDOWS\SYSTEM32\WSOCK32.dll
0x00007ffb4ae80000 - 0x00007ffb4aea3000 	C:\WINDOWS\SYSTEM32\WINMM.dll
0x00007ffb50b00000 - 0x00007ffb50b6c000 	C:\WINDOWS\System32\WS2_32.dll
0x00007ffb47440000 - 0x00007ffb4744a000 	C:\WINDOWS\SYSTEM32\VERSION.dll
0x00007ffb4acf0000 - 0x00007ffb4ad1a000 	C:\WINDOWS\SYSTEM32\WINMMBASE.dll
0x00007ffb4db70000 - 0x00007ffb4dbba000 	C:\WINDOWS\System32\cfgmgr32.dll
0x0000000067210000 - 0x000000006721f000 	C:\Users\joker\Downloads\Katalon_Studio_Windows_64-7.9.1\Katalon_Studio_Windows_64-7.9.1\jre\bin\verify.dll
0x00000000671e0000 - 0x0000000067209000 	C:\Users\joker\Downloads\Katalon_Studio_Windows_64-7.9.1\Katalon_Studio_Windows_64-7.9.1\jre\bin\java.dll
0x00000000671a0000 - 0x00000000671b6000 	C:\Users\joker\Downloads\Katalon_Studio_Windows_64-7.9.1\Katalon_Studio_Windows_64-7.9.1\jre\bin\zip.dll
0x00007ffb4f490000 - 0x00007ffb508c8000 	C:\WINDOWS\System32\SHELL32.dll
0x00007ffb50d80000 - 0x00007ffb50e26000 	C:\WINDOWS\System32\shcore.dll
0x00007ffb4dc40000 - 0x00007ffb4e387000 	C:\WINDOWS\System32\windows.storage.dll
0x00007ffb50ee0000 - 0x00007ffb50f31000 	C:\WINDOWS\System32\shlwapi.dll
0x00007ffb4d5f0000 - 0x00007ffb4d601000 	C:\WINDOWS\System32\kernel.appcore.dll
0x00007ffb4d560000 - 0x00007ffb4d5ac000 	C:\WINDOWS\System32\powrprof.dll
0x00007ffb4d5b0000 - 0x00007ffb4d5cb000 	C:\WINDOWS\System32\profapi.dll
0x00000000671c0000 - 0x00000000671da000 	C:\Users\joker\Downloads\Katalon_Studio_Windows_64-7.9.1\Katalon_Studio_Windows_64-7.9.1\jre\bin\net.dll
0x00007ffb4cd90000 - 0x00007ffb4cdf6000 	C:\WINDOWS\system32\mswsock.dll
0x00000000670a0000 - 0x00000000670b1000 	C:\Users\joker\Downloads\Katalon_Studio_Windows_64-7.9.1\Katalon_Studio_Windows_64-7.9.1\jre\bin\nio.dll
0x0000000067040000 - 0x000000006704d000 	C:\Users\joker\Downloads\Katalon_Studio_Windows_64-7.9.1\Katalon_Studio_Windows_64-7.9.1\jre\bin\management.dll
0x0000000067070000 - 0x0000000067094000 	C:\Users\joker\Downloads\Katalon_Studio_Windows_64-7.9.1\Katalon_Studio_Windows_64-7.9.1\jre\bin\sunec.dll
0x00007ffb4cb20000 - 0x00007ffb4cb59000 	C:\WINDOWS\SYSTEM32\IPHLPAPI.DLL
0x00007ffb50ed0000 - 0x00007ffb50ed8000 	C:\WINDOWS\System32\NSI.dll
0x00007ffb473b0000 - 0x00007ffb473c6000 	C:\WINDOWS\SYSTEM32\dhcpcsvc6.DLL
0x00007ffb47940000 - 0x00007ffb4795a000 	C:\WINDOWS\SYSTEM32\dhcpcsvc.DLL
0x00007ffb4cf50000 - 0x00007ffb4cf67000 	C:\WINDOWS\SYSTEM32\CRYPTSP.dll
0x00007ffb4c990000 - 0x00007ffb4c9c3000 	C:\WINDOWS\system32\rsaenh.dll
0x00007ffb4d060000 - 0x00007ffb4d085000 	C:\WINDOWS\SYSTEM32\bcrypt.dll
0x00007ffb4d490000 - 0x00007ffb4d4b9000 	C:\WINDOWS\SYSTEM32\USERENV.dll
0x00007ffb4cf70000 - 0x00007ffb4cf7b000 	C:\WINDOWS\SYSTEM32\CRYPTBASE.dll
0x0000000067050000 - 0x000000006705b000 	C:\Users\joker\Downloads\Katalon_Studio_Windows_64-7.9.1\Katalon_Studio_Windows_64-7.9.1\jre\bin\sunmscapi.dll
0x00007ffb4e4f0000 - 0x00007ffb4e6be000 	C:\WINDOWS\System32\CRYPT32.dll
0x00007ffb4d5d0000 - 0x00007ffb4d5e2000 	C:\WINDOWS\System32\MSASN1.dll
0x00007ffb4cb60000 - 0x00007ffb4cc16000 	C:\WINDOWS\SYSTEM32\DNSAPI.dll
0x00007ffb44540000 - 0x00007ffb4454a000 	C:\Windows\System32\rasadhlp.dll
0x00007ffb44a80000 - 0x00007ffb44af0000 	C:\WINDOWS\System32\fwpuclnt.dll
0x00007ffb25f60000 - 0x00007ffb25f76000 	C:\WINDOWS\system32\napinsp.dll
0x00007ffb23de0000 - 0x00007ffb23dfa000 	C:\WINDOWS\system32\pnrpnsp.dll
0x00007ffb4a490000 - 0x00007ffb4a4a8000 	C:\WINDOWS\system32\NLAapi.dll
0x00007ffb30df0000 - 0x00007ffb30dfe000 	C:\WINDOWS\System32\winrnr.dll
0x00007ffb2ad10000 - 0x00007ffb2ad25000 	C:\WINDOWS\System32\wshbth.dll

VM Arguments:
jvm_args: -Dgroovy.home=C:\Users\joker/.groovy -Djava.system.class.loader=groovy.lang.GroovyClassLoader -Xmx2048m -Dfile.encoding=UTF-8 
java_command: org.codehaus.groovy.tools.GroovyStarter --classpath C:\Users\joker\git\katalon4Create\bin\keyword;C:\Users\joker\git\katalon4Create\Keywords;C:\Users\joker\git\katalon4Create\bin\listener;C:\Users\joker\git\katalon4Create\Test Listeners;C:\Users\joker\git\katalon4Create\bin\lib;C:\Users\joker\git\katalon4Create\Libs;C:\Users\joker\git\katalon4Create\bin\groovy;C:\Users\joker\git\katalon4Create\Include\scripts\groovy;C:\Users\joker\Downloads\Katalon_Studio_Windows_64-7.9.1\Katalon_Studio_Windows_64-7.9.1\plugins\com.kms.katalon.core_1.0.0.202101290615.jar;C:\Users\joker\Downloads\Katalon_Studio_Windows_64-7.9.1\Katalon_Studio_Windows_64-7.9.1\configuration\resources\lib\aalto-xml-1.0.0.jar;C:\Users\joker\Downloads\Katalon_Studio_Windows_64-7.9.1\Katalon_Studio_Windows_64-7.9.1\configuration\resources\lib\aspectjweaver-1.9.1.jar;C:\Users\joker\Downloads\Katalon_Studio_Windows_64-7.9.1\Katalon_Studio_Windows_64-7.9.1\configuration\resources\lib\bcpkix-jdk15on-1.64.jar;C:\Users\joker\Downloads\Katalon_Studio_Windows_64-7.9.1\Katalon_Studio_Windows_64-7.9.1\configuration\resources\lib\bcprov-jdk15on-1.64.jar;C:\Users\joker\Downloads\Katalon_Studio_Windows_64-7.9.1\Katalon_Studio_Windows_64-7.9.1\configuration\resources\lib\browsermob-core-2.1.5.jar;C:\Users\joker\Downloads\Katalon_Studio_Windows_64-7.9.1\Katalon_Studio_Windows_64-7.9.1\configuration\resources\lib\cglib-3.2.10.jar;C:\Users\joker\Downloads\Katalon_Studio_Windows_64-7.9.1\Katalon_Studio_Windows_64-7.9.1\configuration\resources\lib\commons-codec-1.10.jar;C:\Users\joker\Downloads\Katalon_Studio_Windows_64-7.9.1\Katalon_Studio_Windows_64-7.9.1\configuration\resources\lib\commons-collections4-4.1.jar;C:\Users\joker\Downloads\Katalon_Studio_Windows_64-7.9.1\Katalon_Studio_Windows_64-7.9.1\configuration\resources\lib\commons-validator-1.6.jar;C:\Users\joker\Downloads\Katalon_Studio_Windows_64-7.9.1\Katalon_Studio_Windows_64-7.9.1\configuration\resources\lib\curvesapi-1.04.jar;C:\Users\joker\Downlo
java_class_path (initial): C:\Users\joker\git\katalon4Create\bin\keyword;C:\Users\joker\git\katalon4Create\bin\listener;C:\Users\joker\git\katalon4Create\bin\lib;C:\Users\joker\git\katalon4Create\bin\groovy;C:\Users\joker\git\katalon4Create\bin;C:\Users\joker\Downloads\Katalon_Studio_Windows_64-7.9.1\Katalon_Studio_Windows_64-7.9.1\plugins\com.kms.katalon.core_1.0.0.202101290615.jar;C:\Users\joker\Downloads\Katalon_Studio_Windows_64-7.9.1\Katalon_Studio_Windows_64-7.9.1\configuration\resources\lib\aalto-xml-1.0.0.jar;C:\Users\joker\Downloads\Katalon_Studio_Windows_64-7.9.1\Katalon_Studio_Windows_64-7.9.1\configuration\resources\lib\aspectjweaver-1.9.1.jar;C:\Users\joker\Downloads\Katalon_Studio_Windows_64-7.9.1\Katalon_Studio_Windows_64-7.9.1\configuration\resources\lib\bcpkix-jdk15on-1.64.jar;C:\Users\joker\Downloads\Katalon_Studio_Windows_64-7.9.1\Katalon_Studio_Windows_64-7.9.1\configuration\resources\lib\bcprov-jdk15on-1.64.jar;C:\Users\joker\Downloads\Katalon_Studio_Windows_64-7.9.1\Katalon_Studio_Windows_64-7.9.1\configuration\resources\lib\browsermob-core-2.1.5.jar;C:\Users\joker\Downloads\Katalon_Studio_Windows_64-7.9.1\Katalon_Studio_Windows_64-7.9.1\configuration\resources\lib\cglib-3.2.10.jar;C:\Users\joker\Downloads\Katalon_Studio_Windows_64-7.9.1\Katalon_Studio_Windows_64-7.9.1\configuration\resources\lib\commons-codec-1.10.jar;C:\Users\joker\Downloads\Katalon_Studio_Windows_64-7.9.1\Katalon_Studio_Windows_64-7.9.1\configuration\resources\lib\commons-collections4-4.1.jar;C:\Users\joker\Downloads\Katalon_Studio_Windows_64-7.9.1\Katalon_Studio_Windows_64-7.9.1\configuration\resources\lib\commons-validator-1.6.jar;C:\Users\joker\Downloads\Katalon_Studio_Windows_64-7.9.1\Katalon_Studio_Windows_64-7.9.1\configuration\resources\lib\curvesapi-1.04.jar;C:\Users\joker\Downloads\Katalon_Studio_Windows_64-7.9.1\Katalon_Studio_Windows_64-7.9.1\configuration\resources\lib\dnsjava-2.1.8.jar;C:\Users\joker\Downloads\Katalon_Studio_Windows_64-7.9.1\Katalon_Studio_Win
Launcher Type: SUN_STANDARD

Environment Variables:
JAVA_HOME=C:\Program Files\Java\jdk-11.0.10
PATH=C:/Users/joker/Downloads/Katalon_Studio_Windows_64-7.9.1/Katalon_Studio_Windows_64-7.9.1/jre/bin/server;C:/Users/joker/Downloads/Katalon_Studio_Windows_64-7.9.1/Katalon_Studio_Windows_64-7.9.1/jre/bin;C:/Users/joker/Downloads/Katalon_Studio_Windows_64-7.9.1/Katalon_Studio_Windows_64-7.9.1/jre/lib/amd64;C:\Program Files\Common Files\Oracle\Java\javapath;C:\WINDOWS\system32;C:\WINDOWS;C:\WINDOWS\System32\Wbem;C:\WINDOWS\System32\WindowsPowerShell\v1.0\;C:\Program Files\Java\jdk-11.0.10\bin;C:\Users\joker\AppData\Local\Microsoft\WindowsApps;;C:\Program Files\JetBrains\IntelliJ IDEA Community Edition 2020.3.2\bin;;C:\Users\joker\Downloads\Katalon_Studio_Windows_64-7.9.1\Katalon_Studio_Windows_64-7.9.1;
USERNAME=joker
OS=Windows_NT
PROCESSOR_IDENTIFIER=Intel64 Family 6 Model 122 Stepping 1, GenuineIntel



---------------  S Y S T E M  ---------------

OS: Windows 10.0 , 64 bit Build 16299 (10.0.16299.1087)

CPU:total 4 (initial active 4) (4 cores per cpu, 1 threads per core) family 6 model 122 stepping 1, cmov, cx8, fxsr, mmx, sse, sse2, sse3, ssse3, sse4.1, sse4.2, popcnt, aes, clmul, erms, 3dnowpref, tsc, tscinvbit

Memory: 4k page, physical 4010988k(353124k free), swap 8205292k(5912k free)

vm_info: Java HotSpot(TM) 64-Bit Server VM (25.181-b13) for windows-amd64 JRE (1.8.0_181-b13), built on Jul  7 2018 04:01:33 by "java_re" with MS VC++ 10.0 (VS2010)

time: Fri Mar 19 11:22:13 2021
elapsed time: 14 seconds (0d 0h 0m 14s)

